# JRE version: Java(TM) SE Runtime Environment (8.0_05-b13) (build 1.8.0_05-b13)
# Java VM: Java HotSpot(TM) 64-Bit Server VM (25.5-b02 mixed mode windows-amd64 compressed oops)
Heap:
 PSYoungGen      total 24576K, used 18176K [0x00000000ee500000, 0x00000000f0000000, 0x0000000100000000)
  eden space 21504K, 79% used [0x00000000ee500000,0x00000000ef5c4588,0x00000000efa00000)
  from space 3072K, 32% used [0x00000000efd00000,0x00000000efdfbda0,0x00000000f0000000)
  to   space 3072K, 0% used [0x00000000efa00000,0x00000000efa00000,0x00000000efd00000)
 ParOldGen       total 53760K, used 9932K [0x00000000cae00000, 0x00000000ce280000, 0x00000000ee500000)
  object space 53760K, 18% used [0x00000000cae00000,0x00000000cb7b3118,0x00000000ce280000)
 Metaspace       used 18856K, capacity 19000K, committed 19456K, reserved 1067008K
  class space    used 2641K, capacity 2695K, committed 2816K, reserved 1048576K
GC Heap History (10 events):
Event: 0.964 GC heap before
{Heap before GC invocations=8 (full 0):
 PSYoungGen      total 5632K, used 5056K [0x00000000ee500000, 0x00000000ef000000, 0x0000000100000000)
  eden space 4096K, 100% used [0x00000000ee500000,0x00000000ee900000,0x00000000ee900000)
  from space 1536K, 62% used [0x00000000ee900000,0x00000000ee9f0000,0x00000000eea80000)
  to   space 1536K, 0% used [0x00000000eee80000,0x00000000eee80000,0x00000000ef000000)
 ParOldGen       total 53760K, used 1032K [0x00000000cae00000, 0x00000000ce280000, 0x00000000ee500000)
  object space 53760K, 1% used [0x00000000cae00000,0x00000000caf023e8,0x00000000ce280000)
 Metaspace       used 7950K, capacity 8118K, committed 8192K, reserved 1056768K
  class space    used 957K, capacity 1019K, committed 1024K, reserved 1048576K
Event: 0.966 GC heap after
Heap after GC invocations=8 (full 0):
 PSYoungGen      total 9728K, used 1233K [0x00000000ee500000, 0x00000000ef000000, 0x0000000100000000)
  eden space 8192K, 0% used [0x00000000ee500000,0x00000000ee500000,0x00000000eed00000)
  from space 1536K, 80% used [0x00000000eee80000,0x00000000eefb4758,0x00000000ef000000)
  to   space 1536K, 0% used [0x00000000eed00000,0x00000000eed00000,0x00000000eee80000)
 ParOldGen       total 53760K, used 1320K [0x00000000cae00000, 0x00000000ce280000, 0x00000000ee500000)
  object space 53760K, 2% used [0x00000000cae00000,0x00000000caf4a3e8,0x00000000ce280000)
 Metaspace       used 7950K, capacity 8118K, committed 8192K, reserved 1056768K
  class space    used 957K, capacity 1019K, committed 1024K, reserved 1048576K
}
Event: 1.076 GC heap before
{Heap before GC invocations=9 (full 0):
 PSYoungGen      total 9728K, used 9425K [0x00000000ee500000, 0x00000000ef000000, 0x0000000100000000)
  eden space 8192K, 100% used [0x00000000ee500000,0x00000000eed00000,0x00000000eed00000)
  from space 1536K, 80% used [0x00000000eee80000,0x00000000eefb4758,0x00000000ef000000)
  to   space 1536K, 0% used [0x00000000eed00000,0x00000000eed00000,0x00000000eee80000)
 ParOldGen       total 53760K, used 1320K [0x00000000cae00000, 0x00000000ce280000, 0x00000000ee500000)
  object space 53760K, 2% used [0x00000000cae00000,0x00000000caf4a3e8,0x00000000ce280000)
 Metaspace       used 8935K, capacity 9110K, committed 9216K, reserved 1056768K
  class space    used 1110K, capacity 1179K, committed 1280K, reserved 1048576K
Event: 1.079 GC heap after
Heap after GC invocations=9 (full 0):
 PSYoungGen      total 9728K, used 1520K [0x00000000ee500000, 0x00000000ef600000, 0x0000000100000000)
  eden space 8192K, 0% used [0x00000000ee500000,0x00000000ee500000,0x00000000eed00000)
  from space 1536K, 98% used [0x00000000eed00000,0x00000000eee7c010,0x00000000eee80000)
  to   space 2048K, 0% used [0x00000000ef400000,0x00000000ef400000,0x00000000ef600000)
 ParOldGen       total 53760K, used 1731K [0x00000000cae00000, 0x00000000ce280000, 0x00000000ee500000)
  object space 53760K, 3% used [0x00000000cae00000,0x00000000cafb0e20,0x00000000ce280000)
 Metaspace       used 8935K, capacity 9110K, committed 9216K, reserved 1056768K
  class space    used 1110K, capacity 1179K, committed 1280K, reserved 1048576K
}
Event: 1.820 GC heap before
{Heap before GC invocations=10 (full 0):
 PSYoungGen      total 9728K, used 9712K [0x00000000ee500000, 0x00000000ef600000, 0x0000000100000000)
  eden space 8192K, 100% used [0x00000000ee500000,0x00000000eed00000,0x00000000eed00000)
  from space 1536K, 98% used [0x00000000eed00000,0x00000000eee7c010,0x00000000eee80000)
  to   space 2048K, 0% used [0x00000000ef400000,0x00000000ef400000,0x00000000ef600000)
 ParOldGen       total 53760K, used 1731K [0x00000000cae00000, 0x00000000ce280000, 0x00000000ee500000)
  object space 53760K, 3% used [0x00000000cae00000,0x00000000cafb0e20,0x00000000ce280000)
 Metaspace       used 11974K, capacity 12156K, committed 12288K, reserved 1060864K
  class space    used 1486K, capacity 1533K, committed 1536K, reserved 1048576K
Event: 1.829 GC heap after
Heap after GC invocations=10 (full 0):
 PSYoungGen      total 15360K, used 1805K [0x00000000ee500000, 0x00000000ef600000, 0x0000000100000000)
  eden space 13312K, 0% used [0x00000000ee500000,0x00000000ee500000,0x00000000ef200000)
  from space 2048K, 88% used [0x00000000ef400000,0x00000000ef5c36e0,0x00000000ef600000)
  to   space 2048K, 0% used [0x00000000ef200000,0x00000000ef200000,0x00000000ef400000)
 ParOldGen       total 53760K, used 2523K [0x00000000cae00000, 0x00000000ce280000, 0x00000000ee500000)
  object space 53760K, 4% used [0x00000000cae00000,0x00000000cb076e20,0x00000000ce280000)
 Metaspace       used 11974K, capacity 12156K, committed 12288K, reserved 1060864K
  class space    used 1486K, capacity 1533K, committed 1536K, reserved 1048576K
}
Event: 2.464 GC heap before
{Heap before GC invocations=11 (full 0):
 PSYoungGen      total 15360K, used 13660K [0x00000000ee500000, 0x00000000ef600000, 0x0000000100000000)
  eden space 13312K, 89% used [0x00000000ee500000,0x00000000ef093b48,0x00000000ef200000)
  from space 2048K, 88% used [0x00000000ef400000,0x00000000ef5c36e0,0x00000000ef600000)
  to   space 2048K, 0% used [0x00000000ef200000,0x00000000ef200000,0x00000000ef400000)
 ParOldGen       total 53760K, used 2523K [0x00000000cae00000, 0x00000000ce280000, 0x00000000ee500000)
  object space 53760K, 4% used [0x00000000cae00000,0x00000000cb076e20,0x00000000ce280000)
 Metaspace       used 15383K, capacity 15520K, committed 15744K, reserved 1062912K
  class space    used 2062K, capacity 2115K, committed 2176K, reserved 1048576K
Event: 2.469 GC heap after
Heap after GC invocations=11 (full 0):
 PSYoungGen      total 15360K, used 2016K [0x00000000ee500000, 0x00000000f0000000, 0x0000000100000000)
  eden space 13312K, 0% used [0x00000000ee500000,0x00000000ee500000,0x00000000ef200000)
  from space 2048K, 98% used [0x00000000ef200000,0x00000000ef3f8010,0x00000000ef400000)
  to   space 3072K, 0% used [0x00000000efd00000,0x00000000efd00000,0x00000000f0000000)
 ParOldGen       total 53760K, used 4267K [0x00000000cae00000, 0x00000000ce280000, 0x00000000ee500000)
  object space 53760K, 7% used [0x00000000cae00000,0x00000000cb22af80,0x00000000ce280000)
 Metaspace       used 15383K, capacity 15520K, committed 15744K, reserved 1062912K
  class space    used 2062K, capacity 2115K, committed 2176K, reserved 1048576K
}
Event: 2.638 GC heap before
{Heap before GC invocations=12 (full 0):
 PSYoungGen      total 15360K, used 15328K [0x00000000ee500000, 0x00000000f0000000, 0x0000000100000000)
  eden space 13312K, 100% used [0x00000000ee500000,0x00000000ef200000,0x00000000ef200000)
  from space 2048K, 98% used [0x00000000ef200000,0x00000000ef3f8010,0x00000000ef400000)
  to   space 3072K, 0% used [0x00000000efd00000,0x00000000efd00000,0x00000000f0000000)
 ParOldGen       total 53760K, used 4267K [0x00000000cae00000, 0x00000000ce280000, 0x00000000ee500000)
  object space 53760K, 7% used [0x00000000cae00000,0x00000000cb22af80,0x00000000ce280000)
 Metaspace       used 16232K, capacity 16384K, committed 16640K, reserved 1062912K
  class space    used 2221K, capacity 2275K, committed 2304K, reserved 1048576K
Event: 2.660 GC heap after
Heap after GC invocations=12 (full 0):
 PSYoungGen      total 24576K, used 1007K [0x00000000ee500000, 0x00000000f0000000, 0x0000000100000000)
  eden space 21504K, 0% used [0x00000000ee500000,0x00000000ee500000,0x00000000efa00000)
  from space 3072K, 32% used [0x00000000efd00000,0x00000000efdfbda0,0x00000000f0000000)
  to   space 3072K, 0% used [0x00000000efa00000,0x00000000efa00000,0x00000000efd00000)
 ParOldGen       total 53760K, used 9932K [0x00000000cae00000, 0x00000000ce280000, 0x00000000ee500000)
  object space 53760K, 18% used [0x00000000cae00000,0x00000000cb7b3118,0x00000000ce280000)
 Metaspace       used 16232K, capacity 16384K, committed 16640K, reserved 1062912K
  class space    used 2221K, capacity 2275K, committed 2304K, reserved 1048576K
}

