# JRE version: Java(TM) SE Runtime Environment (8.0_05-b13) (build 1.8.0_05-b13)
# Java VM: Java HotSpot(TM) 64-Bit Server VM (25.5-b02 mixed mode windows-amd64 compressed oops)
Heap:
 PSYoungGen      total 20992K, used 20271K [0x00000000ee500000, 0x00000000efc00000, 0x0000000100000000)
  eden space 18432K, 100% used [0x00000000ee500000,0x00000000ef700000,0x00000000ef700000)
  from space 2560K, 71% used [0x00000000ef980000,0x00000000efb4bdb0,0x00000000efc00000)
  to   space 2560K, 74% used [0x00000000ef700000,0x00000000ef8dd740,0x00000000ef980000)
 ParOldGen       total 53760K, used 9631K [0x00000000cae00000, 0x00000000ce280000, 0x00000000ee500000)
  object space 53760K, 17% used [0x00000000cae00000,0x00000000cb767e90,0x00000000ce280000)
 Metaspace       used 18209K, capacity 18380K, committed 18560K, reserved 1064960K
  class space    used 2532K, capacity 2597K, committed 2688K, reserved 1048576K
GC Heap History (10 events):
Event: 0.438 GC heap before
{Heap before GC invocations=8 (full 0):
 PSYoungGen      total 5120K, used 4384K [0x00000000ee500000, 0x00000000eef00000, 0x0000000100000000)
  eden space 3584K, 100% used [0x00000000ee500000,0x00000000ee880000,0x00000000ee880000)
  from space 1536K, 52% used [0x00000000ee880000,0x00000000ee948000,0x00000000eea00000)
  to   space 1536K, 0% used [0x00000000eed80000,0x00000000eed80000,0x00000000eef00000)
 ParOldGen       total 53760K, used 1125K [0x00000000cae00000, 0x00000000ce280000, 0x00000000ee500000)
  object space 53760K, 2% used [0x00000000cae00000,0x00000000caf19408,0x00000000ce280000)
 Metaspace       used 7469K, capacity 7574K, committed 7680K, reserved 1056768K
  class space    used 880K, capacity 923K, committed 1024K, reserved 1048576K
Event: 0.440 GC heap after
Heap after GC invocations=8 (full 0):
 PSYoungGen      total 8704K, used 1041K [0x00000000ee500000, 0x00000000eef00000, 0x0000000100000000)
  eden space 7168K, 0% used [0x00000000ee500000,0x00000000ee500000,0x00000000eec00000)
  from space 1536K, 67% used [0x00000000eed80000,0x00000000eee84758,0x00000000eef00000)
  to   space 1536K, 0% used [0x00000000eec00000,0x00000000eec00000,0x00000000eed80000)
 ParOldGen       total 53760K, used 1357K [0x00000000cae00000, 0x00000000ce280000, 0x00000000ee500000)
  object space 53760K, 2% used [0x00000000cae00000,0x00000000caf53408,0x00000000ce280000)
 Metaspace       used 7469K, capacity 7574K, committed 7680K, reserved 1056768K
  class space    used 880K, capacity 923K, committed 1024K, reserved 1048576K
}
Event: 0.512 GC heap before
{Heap before GC invocations=9 (full 0):
 PSYoungGen      total 8704K, used 8209K [0x00000000ee500000, 0x00000000eef00000, 0x0000000100000000)
  eden space 7168K, 100% used [0x00000000ee500000,0x00000000eec00000,0x00000000eec00000)
  from space 1536K, 67% used [0x00000000eed80000,0x00000000eee84758,0x00000000eef00000)
  to   space 1536K, 0% used [0x00000000eec00000,0x00000000eec00000,0x00000000eed80000)
 ParOldGen       total 53760K, used 1357K [0x00000000cae00000, 0x00000000ce280000, 0x00000000ee500000)
  object space 53760K, 2% used [0x00000000cae00000,0x00000000caf53408,0x00000000ce280000)
 Metaspace       used 8495K, capacity 8662K, committed 8832K, reserved 1056768K
  class space    used 1046K, capacity 1115K, committed 1152K, reserved 1048576K
Event: 0.514 GC heap after
Heap after GC invocations=9 (full 0):
 PSYoungGen      total 8704K, used 1421K [0x00000000ee500000, 0x00000000ef380000, 0x0000000100000000)
  eden space 7168K, 0% used [0x00000000ee500000,0x00000000ee500000,0x00000000eec00000)
  from space 1536K, 92% used [0x00000000eec00000,0x00000000eed63508,0x00000000eed80000)
  to   space 1536K, 0% used [0x00000000ef200000,0x00000000ef200000,0x00000000ef380000)
 ParOldGen       total 53760K, used 1509K [0x00000000cae00000, 0x00000000ce280000, 0x00000000ee500000)
  object space 53760K, 2% used [0x00000000cae00000,0x00000000caf79408,0x00000000ce280000)
 Metaspace       used 8495K, capacity 8662K, committed 8832K, reserved 1056768K
  class space    used 1046K, capacity 1115K, committed 1152K, reserved 1048576K
}
Event: 0.896 GC heap before
{Heap before GC invocations=10 (full 0):
 PSYoungGen      total 8704K, used 8589K [0x00000000ee500000, 0x00000000ef380000, 0x0000000100000000)
  eden space 7168K, 100% used [0x00000000ee500000,0x00000000eec00000,0x00000000eec00000)
  from space 1536K, 92% used [0x00000000eec00000,0x00000000eed63508,0x00000000eed80000)
  to   space 1536K, 0% used [0x00000000ef200000,0x00000000ef200000,0x00000000ef380000)
 ParOldGen       total 53760K, used 1509K [0x00000000cae00000, 0x00000000ce280000, 0x00000000ee500000)
  object space 53760K, 2% used [0x00000000cae00000,0x00000000caf79408,0x00000000ce280000)
 Metaspace       used 11044K, capacity 11132K, committed 11136K, reserved 1058816K
  class space    used 1376K, capacity 1405K, committed 1408K, reserved 1048576K
Event: 0.900 GC heap after
Heap after GC invocations=10 (full 0):
 PSYoungGen      total 12800K, used 1521K [0x00000000ee500000, 0x00000000ef480000, 0x0000000100000000)
  eden space 11264K, 0% used [0x00000000ee500000,0x00000000ee500000,0x00000000ef000000)
  from space 1536K, 99% used [0x00000000ef200000,0x00000000ef37c6d8,0x00000000ef380000)
  to   space 2048K, 0% used [0x00000000ef000000,0x00000000ef000000,0x00000000ef200000)
 ParOldGen       total 53760K, used 2330K [0x00000000cae00000, 0x00000000ce280000, 0x00000000ee500000)
  object space 53760K, 4% used [0x00000000cae00000,0x00000000cb046930,0x00000000ce280000)
 Metaspace       used 11044K, capacity 11132K, committed 11136K, reserved 1058816K
  class space    used 1376K, capacity 1405K, committed 1408K, reserved 1048576K
}
Event: 1.188 GC heap before
{Heap before GC invocations=11 (full 0):
 PSYoungGen      total 12800K, used 12785K [0x00000000ee500000, 0x00000000ef480000, 0x0000000100000000)
  eden space 11264K, 100% used [0x00000000ee500000,0x00000000ef000000,0x00000000ef000000)
  from space 1536K, 99% used [0x00000000ef200000,0x00000000ef37c6d8,0x00000000ef380000)
  to   space 2048K, 0% used [0x00000000ef000000,0x00000000ef000000,0x00000000ef200000)
 ParOldGen       total 53760K, used 2330K [0x00000000cae00000, 0x00000000ce280000, 0x00000000ee500000)
  object space 53760K, 4% used [0x00000000cae00000,0x00000000cb046930,0x00000000ce280000)
 Metaspace       used 14800K, capacity 14958K, committed 15104K, reserved 1062912K
  class space    used 1966K, capacity 2016K, committed 2048K, reserved 1048576K
Event: 1.192 GC heap after
Heap after GC invocations=11 (full 0):
 PSYoungGen      total 13312K, used 1817K [0x00000000ee500000, 0x00000000efc00000, 0x0000000100000000)
  eden space 11264K, 0% used [0x00000000ee500000,0x00000000ee500000,0x00000000ef000000)
  from space 2048K, 88% used [0x00000000ef000000,0x00000000ef1c67e8,0x00000000ef200000)
  to   space 2560K, 0% used [0x00000000ef980000,0x00000000ef980000,0x00000000efc00000)
 ParOldGen       total 53760K, used 3318K [0x00000000cae00000, 0x00000000ce280000, 0x00000000ee500000)
  object space 53760K, 6% used [0x00000000cae00000,0x00000000cb13d990,0x00000000ce280000)
 Metaspace       used 14800K, capacity 14958K, committed 15104K, reserved 1062912K
  class space    used 1966K, capacity 2016K, committed 2048K, reserved 1048576K
}
Event: 1.414 GC heap before
{Heap before GC invocations=12 (full 0):
 PSYoungGen      total 13312K, used 13081K [0x00000000ee500000, 0x00000000efc00000, 0x0000000100000000)
  eden space 11264K, 100% used [0x00000000ee500000,0x00000000ef000000,0x00000000ef000000)
  from space 2048K, 88% used [0x00000000ef000000,0x00000000ef1c67e8,0x00000000ef200000)
  to   space 2560K, 0% used [0x00000000ef980000,0x00000000ef980000,0x00000000efc00000)
 ParOldGen       total 53760K, used 3318K [0x00000000cae00000, 0x00000000ce280000, 0x00000000ee500000)
  object space 53760K, 6% used [0x00000000cae00000,0x00000000cb13d990,0x00000000ce280000)
 Metaspace       used 15812K, capacity 15968K, committed 16384K, reserved 1062912K
  class space    used 2128K, capacity 2179K, committed 2304K, reserved 1048576K
Event: 1.418 GC heap after
Heap after GC invocations=12 (full 0):
 PSYoungGen      total 20992K, used 1839K [0x00000000ee500000, 0x00000000efc00000, 0x0000000100000000)
  eden space 18432K, 0% used [0x00000000ee500000,0x00000000ee500000,0x00000000ef700000)
  from space 2560K, 71% used [0x00000000ef980000,0x00000000efb4bdb0,0x00000000efc00000)
  to   space 2560K, 0% used [0x00000000ef700000,0x00000000ef700000,0x00000000ef980000)
 ParOldGen       total 53760K, used 8084K [0x00000000cae00000, 0x00000000ce280000, 0x00000000ee500000)
  object space 53760K, 15% used [0x00000000cae00000,0x00000000cb5e5360,0x00000000ce280000)
 Metaspace       used 15812K, capacity 15968K, committed 16384K, reserved 1062912K
  class space    used 2128K, capacity 2179K, committed 2304K, reserved 1048576K
}

